<?xml version="1.0" encoding="UTF-8"?>
<!-- Generated by org.testng.reporters.JUnitReportReporter -->
<testsuite hostname="DESKTOP-U1OL4JI" failures="0" tests="1" name="com.triotree.test.website.FrontOffice.DocumentUploadTest" time="198.882" errors="0" timestamp="30 Jul 2020 08:58:12 GMT">
  <testcase classname="com.triotree.test.website.FrontOffice.DocumentUploadTest" name="patientRegistrationValidDataTest" time="198.882"/>
</testsuite> <!-- com.triotree.test.website.FrontOffice.DocumentUploadTest -->
