<?xml version="1.0" encoding="UTF-8"?>
<!-- Generated by org.testng.reporters.JUnitReportReporter -->
<testsuite hostname="Nishantsharma" failures="0" tests="12" name="com.triotree.test.website.FrontOffice.FrontOfficeBillingTest" time="4851.822" errors="0" timestamp="3 Jul 2020 07:36:45 GMT">
  <testcase classname="com.triotree.test.website.FrontOffice.FrontOfficeBillingTest" name="frontOfficeBillingselectInsuranceCompTestCase" time="438.684"/>
  <testcase classname="com.triotree.test.website.FrontOffice.FrontOfficeBillingTest" name="frontOfficeBillingclickOnAddToBillButtonTestCase" time="348.170"/>
  <testcase classname="com.triotree.test.website.FrontOffice.FrontOfficeBillingTest" name="frontOfficeBillingsearchPatientWithMobileNumberTestCase" time="550.510"/>
  <testcase classname="com.triotree.test.website.FrontOffice.FrontOfficeBillingTest" name="frontOfficeBillingNewPaymentModeTestCase" time="372.407"/>
  <testcase classname="com.triotree.test.website.FrontOffice.FrontOfficeBillingTest" name="frontOfficeBillingProcessPaymentTestCase" time="460.252"/>
  <testcase classname="com.triotree.test.website.FrontOffice.FrontOfficeBillingTest" name="frontOfficeBillingPercentageProcessDiscountTestCase" time="428.461"/>
  <testcase classname="com.triotree.test.website.FrontOffice.FrontOfficeBillingTest" name="frontOfficeBillingclickOnNoButtonOnBillGotGeneratedPopupTestCase" time="203.641"/>
  <testcase classname="com.triotree.test.website.FrontOffice.FrontOfficeBillingTest" name="frontOfficeBillingandselectSecondPaymentModeAsChequeTestCase" time="401.154"/>
  <testcase classname="com.triotree.test.website.FrontOffice.FrontOfficeBillingTest" name="frontOfficeBillingverifyPrintOPDMessageIsDisplayingTestCase" time="366.995"/>
  <testcase classname="com.triotree.test.website.FrontOffice.FrontOfficeBillingTest" name="frontOfficeBillingMarkPatientDeceasedTestCase" time="259.799"/>
  <testcase classname="com.triotree.test.website.FrontOffice.FrontOfficeBillingTest" name="frontOfficeBillingMergeDuplicatesTestCase" time="578.895"/>
  <testcase classname="com.triotree.test.website.FrontOffice.FrontOfficeBillingTest" name="frontOfficeBillingenterChequeDetailsAndSaveDetailsTestCase" time="442.854"/>
</testsuite> <!-- com.triotree.test.website.FrontOffice.FrontOfficeBillingTest -->
