<?xml version="1.0" encoding="UTF-8"?>
<!-- Generated by org.testng.reporters.JUnitReportReporter -->
<testsuite hostname="DESKTOP-U1OL4JI" failures="0" tests="1" name="com.triotree.test.website.ADT.SurgeryMedicalEstimate" time="94.741" errors="0" timestamp="10 Jul 2020 08:37:26 GMT">
  <testcase classname="com.triotree.test.website.ADT.SurgeryMedicalEstimate" name="surgeryMedicalEstimateTest" time="94.741"/>
</testsuite> <!-- com.triotree.test.website.ADT.SurgeryMedicalEstimate -->
