<?xml version="1.0" encoding="UTF-8"?>
<!-- Generated by org.testng.reporters.JUnitReportReporter -->
<testsuite hostname="DESKTOP-U1OL4JI" failures="0" tests="1" name="com.triotree.test.website.InventroyModule.InventoryModuleTest" time="76.067" errors="0" timestamp="30 Dec 2020 09:27:42 GMT">
  <testcase classname="com.triotree.test.website.InventroyModule.InventoryModuleTest" name="inventoryAcknowledgereturnTest" time="76.067"/>
</testsuite> <!-- com.triotree.test.website.InventroyModule.InventoryModuleTest -->
