<?xml version="1.0" encoding="UTF-8"?>
<!-- Generated by org.testng.reporters.JUnitReportReporter -->
<testsuite hostname="DESKTOP-U1OL4JI" failures="0" tests="2" name="com.triotree.test.website.FrontOffice.MergeDuplicateTest" time="354.857" errors="0" timestamp="30 Jul 2020 08:06:28 GMT">
  <testcase classname="com.triotree.test.website.FrontOffice.MergeDuplicateTest" name="mergeAndUnmergePatientDuplicateTest" time="108.557"/>
  <testcase classname="com.triotree.test.website.FrontOffice.MergeDuplicateTest" name="frontOfficeMergeDuplicateWithDepositOnPatientTest" time="246.300"/>
</testsuite> <!-- com.triotree.test.website.FrontOffice.MergeDuplicateTest -->
