<?xml version="1.0" encoding="UTF-8"?>
<!-- Generated by org.testng.reporters.JUnitReportReporter -->
<testsuite hostname="Nishantsharma" failures="0" tests="1" name="com.triotree.test.website.FrontOffice.InventoryModuleTest" time="102.361" errors="0" timestamp="11 May 2020 06:10:23 GMT">
  <testcase classname="com.triotree.test.website.FrontOffice.InventoryModuleTest" name="purchaseorderapprovaltestcase" time="102.361"/>
</testsuite> <!-- com.triotree.test.website.FrontOffice.InventoryModuleTest -->
