<?xml version="1.0" encoding="UTF-8"?>
<!-- Generated by org.testng.reporters.JUnitReportReporter -->
<testsuite hostname="Nishantsharma" failures="0" tests="2" name="com.triotree.test.website.FrontOffice.MergeDuplicateTest" time="393.890" errors="0" timestamp="19 May 2020 17:06:41 GMT">
  <testcase classname="com.triotree.test.website.FrontOffice.MergeDuplicateTest" name="mergeAndUnmergePatientDuplicateTest" time="136.357"/>
  <testcase classname="com.triotree.test.website.FrontOffice.MergeDuplicateTest" name="frontOfficeMergeDuplicateWithDepositOnPatientTest" time="257.533"/>
</testsuite> <!-- com.triotree.test.website.FrontOffice.MergeDuplicateTest -->
