<?xml version="1.0" encoding="UTF-8"?>
<!-- Generated by org.testng.reporters.JUnitReportReporter -->
<testsuite hostname="DESKTOP-U1OL4JI" failures="0" tests="1" name="com.triotree.website.Physician.PhysicianOPDCaseSheet" time="42.060" errors="0" timestamp="11 Jul 2020 07:16:04 GMT">
  <testcase classname="com.triotree.website.Physician.PhysicianOPDCaseSheet" name="PhysicianOPDcaseSheetOrdersTest" time="42.060"/>
</testsuite> <!-- com.triotree.website.Physician.PhysicianOPDCaseSheet -->
