<?xml version="1.0" encoding="UTF-8"?>
<!-- Generated by org.testng.reporters.JUnitReportReporter -->
<testsuite hostname="Nishantsharma" failures="0" tests="4" name="com.triotree.test.website.FrontOffice.MarkPatientDeceasedTest" time="1329.315" errors="0" timestamp="20 May 2020 10:05:53 GMT">
  <testcase classname="com.triotree.test.website.FrontOffice.MarkPatientDeceasedTest" name="markPatientDeceasedSearchPatientTest" time="290.177"/>
  <testcase classname="com.triotree.test.website.FrontOffice.MarkPatientDeceasedTest" name="markPatientDeceasedTest" time="299.744"/>
  <testcase classname="com.triotree.test.website.FrontOffice.MarkPatientDeceasedTest" name="frontOfficeCancellationOfAllAppointmentOnMarkPatientDeceased" time="342.554"/>
  <testcase classname="com.triotree.test.website.FrontOffice.MarkPatientDeceasedTest" name="revokeDeceasedPatientTest" time="396.840"/>
</testsuite> <!-- com.triotree.test.website.FrontOffice.MarkPatientDeceasedTest -->
