<?xml version="1.0" encoding="UTF-8"?>
<!-- Generated by org.testng.reporters.JUnitReportReporter -->
<testsuite hostname="DESKTOP-G8VF51I" failures="0" tests="1" name="com.triotree.test.website.ADT.IPDepositRefundformTest" time="151.749" errors="0" timestamp="26 Nov 2020 09:25:41 GMT">
  <testcase classname="com.triotree.test.website.ADT.IPDepositRefundformTest" name="AdtIPDepositRefundformTest" time="151.749"/>
</testsuite> <!-- com.triotree.test.website.ADT.IPDepositRefundformTest -->
