<?xml version="1.0" encoding="UTF-8"?>
<!-- Generated by org.testng.reporters.JUnitReportReporter -->
<testsuite hostname="Nishantsharma" failures="0" tests="1" name="com.triotree.test.website.FrontOffice.MergeDuplicateTest" time="247.475" errors="0" timestamp="22 May 2020 05:58:10 GMT">
  <testcase classname="com.triotree.test.website.FrontOffice.MergeDuplicateTest" name="frontOfficeMergeDuplicateWithDepositOnPatientTest" time="247.475"/>
</testsuite> <!-- com.triotree.test.website.FrontOffice.MergeDuplicateTest -->
