<?xml version="1.0" encoding="UTF-8"?>
<!-- Generated by org.testng.reporters.JUnitReportReporter -->
<testsuite hostname="DESKTOP-U1OL4JI" failures="0" tests="1" name="com.triotree.test.website.ADT.BedTransfer" time="56.656" errors="0" timestamp="8 Jul 2020 11:26:30 GMT">
  <testcase classname="com.triotree.test.website.ADT.BedTransfer" name="patientBedTranferTest" time="56.656"/>
</testsuite> <!-- com.triotree.test.website.ADT.BedTransfer -->
