<?xml version="1.0" encoding="UTF-8"?>
<!-- Generated by org.testng.reporters.JUnitReportReporter -->
<testsuite hostname="DESKTOP-U1OL4JI" failures="0" tests="1" name="com.triotree.test.website.ADT.ReEnterUHIDAdmitwithdependentpatient" time="171.789" errors="0" timestamp="31 Jul 2020 07:35:06 GMT">
  <testcase classname="com.triotree.test.website.ADT.ReEnterUHIDAdmitwithdependentpatient" name="ReEnterUHIDandadmitwithdependentpatientsimultaneouslytransfer" time="171.789"/>
</testsuite> <!-- com.triotree.test.website.ADT.ReEnterUHIDAdmitwithdependentpatient -->
