<?xml version="1.0" encoding="UTF-8"?>
<!-- Generated by org.testng.reporters.JUnitReportReporter -->
<testsuite hostname="Nishantsharma" failures="0" tests="1" name="com.triotree.test.website.FrontOffice.DocumentUploadTest" time="183.177" errors="0" timestamp="6 Jul 2020 10:01:16 GMT">
  <testcase classname="com.triotree.test.website.FrontOffice.DocumentUploadTest" name="patientRegistrationValidDataTest" time="183.177"/>
</testsuite> <!-- com.triotree.test.website.FrontOffice.DocumentUploadTest -->
