<?xml version="1.0" encoding="UTF-8"?>
<!-- Generated by org.testng.reporters.JUnitReportReporter -->
<testsuite hostname="Nishantsharma" failures="0" tests="1" name="com.triotree.test.website.Reports.ReportsTest" time="306.923" errors="0" timestamp="15 Apr 2020 04:00:30 GMT">
  <testcase classname="com.triotree.test.website.Reports.ReportsTest" name="eMDetailsRadioButtonDSDReportTest" time="306.923"/>
</testsuite> <!-- com.triotree.test.website.Reports.ReportsTest -->
