<?xml version="1.0" encoding="UTF-8"?>
<!-- Generated by org.testng.reporters.JUnitReportReporter -->
<testsuite hostname="Nishantsharma" failures="0" tests="1" name="com.triotree.test.website.FrontOffice.GenerateScheduleTest" time="209.915" errors="0" timestamp="26 May 2020 04:22:16 GMT">
  <testcase classname="com.triotree.test.website.FrontOffice.GenerateScheduleTest" name="frontOfficeDoctorSchedulingWithAddPatientTest" time="209.915"/>
</testsuite> <!-- com.triotree.test.website.FrontOffice.GenerateScheduleTest -->
