<?xml version="1.0" encoding="UTF-8"?>
<!-- Generated by org.testng.reporters.JUnitReportReporter -->
<testsuite hostname="Nishantsharma" failures="0" tests="1" name="com.triotree.test.website.FrontOffice.ReportsTest" time="352.055" errors="0" timestamp="14 Apr 2020 06:12:39 GMT">
  <testcase classname="com.triotree.test.website.FrontOffice.ReportsTest" name="iPOverallRadioButtonDSDReportTest" time="352.055"/>
</testsuite> <!-- com.triotree.test.website.FrontOffice.ReportsTest -->
