<?xml version="1.0" encoding="UTF-8"?>
<!-- Generated by org.testng.reporters.JUnitReportReporter -->
<testsuite hostname="DESKTOP-U1OL4JI" failures="0" tests="1" name="com.triotree.website.Physician.PhysicianOPDCaseSheet" time="168.423" errors="0" timestamp="15 Jul 2020 07:20:23 GMT">
  <testcase classname="com.triotree.website.Physician.PhysicianOPDCaseSheet" name="PhysicianOPDcaseSheetOrdersTest" time="168.423"/>
</testsuite> <!-- com.triotree.website.Physician.PhysicianOPDCaseSheet -->
