<?xml version="1.0" encoding="UTF-8"?>
<!-- Generated by org.testng.reporters.JUnitReportReporter -->
<testsuite hostname="Nishantsharma" failures="0" tests="1" name="com.triotree.test.website.FrontOffice.PatientRegistrationTest" time="460.665" errors="0" timestamp="20 May 2020 05:29:20 GMT">
  <testcase classname="com.triotree.test.website.FrontOffice.PatientRegistrationTest" name="frontOfficeDOBSearchFieldInAllScreenTest" time="460.665"/>
</testsuite> <!-- com.triotree.test.website.FrontOffice.PatientRegistrationTest -->
