<?xml version="1.0" encoding="UTF-8"?>
<!-- Generated by org.testng.reporters.JUnitReportReporter -->
<testsuite hostname="DESKTOP-U1OL4JI" failures="4" tests="21" name="com.triotree.test.website.MISReports.ReportsTest" time="4463.233" errors="1" timestamp="31 Jul 2020 07:02:07 GMT">
  <testcase classname="com.triotree.test.website.MISReports.ReportsTest" name="misIpDiscountReportAndDsdReportAndUserWiseCollectionReportTest" time="68.367">
    <failure message="D:\automationproject\qa-automation-triotree\Downloads\IP Discount Report.csv (The system cannot find the file specified)" type="java.io.FileNotFoundException">
      <![CDATA[java.io.FileNotFoundException: D:\automationproject\qa-automation-triotree\Downloads\IP Discount Report.csv (The system cannot find the file specified)
	at java.base/java.io.FileInputStream.open0(Native Method)
	at java.base/java.io.FileInputStream.open(FileInputStream.java:220)
	at java.base/java.io.FileInputStream.<init>(FileInputStream.java:158)
	at com.triotree.test.website.MISReports.ReportsTest.misIpDiscountReportAndDsdReportAndUserWiseCollectionReportTest(ReportsTest.java:891)
	at java.base/jdk.internal.reflect.NativeMethodAccessorImpl.invoke0(Native Method)
	at java.base/jdk.internal.reflect.NativeMethodAccessorImpl.invoke(NativeMethodAccessorImpl.java:62)
	at java.base/jdk.internal.reflect.DelegatingMethodAccessorImpl.invoke(DelegatingMethodAccessorImpl.java:43)
	at java.base/java.lang.reflect.Method.invoke(Method.java:564)
	at org.testng.internal.MethodInvocationHelper.invokeMethod(MethodInvocationHelper.java:80)
	at org.testng.internal.Invoker.invokeMethod(Invoker.java:714)
	at org.testng.internal.Invoker.invokeTestMethod(Invoker.java:901)
	at org.testng.internal.Invoker.invokeTestMethods(Invoker.java:1231)
	at org.testng.internal.TestMethodWorker.invokeTestMethods(TestMethodWorker.java:127)
	at org.testng.internal.TestMethodWorker.run(TestMethodWorker.java:111)
	at org.testng.TestRunner.privateRun(TestRunner.java:767)
	at org.testng.TestRunner.run(TestRunner.java:617)
	at org.testng.SuiteRunner.runTest(SuiteRunner.java:334)
	at org.testng.SuiteRunner.runSequentially(SuiteRunner.java:329)
	at org.testng.SuiteRunner.privateRun(SuiteRunner.java:291)
	at org.testng.SuiteRunner.run(SuiteRunner.java:240)
	at org.testng.SuiteRunnerWorker.runSuite(SuiteRunnerWorker.java:52)
	at org.testng.SuiteRunnerWorker.run(SuiteRunnerWorker.java:86)
	at org.testng.TestNG.runSuitesSequentially(TestNG.java:1198)
	at org.testng.TestNG.runSuitesLocally(TestNG.java:1123)
	at org.testng.TestNG.run(TestNG.java:1031)
	at org.testng.remote.AbstractRemoteTestNG.run(AbstractRemoteTestNG.java:115)
	at org.testng.remote.RemoteTestNG.initAndRun(RemoteTestNG.java:251)
	at org.testng.remote.RemoteTestNG.main(RemoteTestNG.java:77)
]]>
    </failure>
  </testcase> <!-- misIpDiscountReportAndDsdReportAndUserWiseCollectionReportTest -->
  <testcase classname="com.triotree.test.website.MISReports.ReportsTest" name="misOpDiscountReportAndDSDReportTest" time="202.756"/>
  <testcase classname="com.triotree.test.website.MISReports.ReportsTest" name="eMRadioButtonDistributionDSDReportTest" time="273.952">
    <error message="Sum Of Discount Value From EM Summary and Over All Summary is not matching" type="java.lang.AssertionError">
      <![CDATA[java.lang.AssertionError: Sum Of Discount Value From EM Summary and Over All Summary is not matching
	at org.testng.Assert.fail(Assert.java:94)
	at com.triotree.test.website.TTWebsiteBaseTest.assertTrue(TTWebsiteBaseTest.java:189)
	at com.triotree.test.website.MISReports.ReportsTest.eMRadioButtonDistributionDSDReportTest(ReportsTest.java:1909)
	at java.base/jdk.internal.reflect.NativeMethodAccessorImpl.invoke0(Native Method)
	at java.base/jdk.internal.reflect.NativeMethodAccessorImpl.invoke(NativeMethodAccessorImpl.java:62)
	at java.base/jdk.internal.reflect.DelegatingMethodAccessorImpl.invoke(DelegatingMethodAccessorImpl.java:43)
	at java.base/java.lang.reflect.Method.invoke(Method.java:564)
	at org.testng.internal.MethodInvocationHelper.invokeMethod(MethodInvocationHelper.java:80)
	at org.testng.internal.Invoker.invokeMethod(Invoker.java:714)
	at org.testng.internal.Invoker.invokeTestMethod(Invoker.java:901)
	at org.testng.internal.Invoker.invokeTestMethods(Invoker.java:1231)
	at org.testng.internal.TestMethodWorker.invokeTestMethods(TestMethodWorker.java:127)
	at org.testng.internal.TestMethodWorker.run(TestMethodWorker.java:111)
	at org.testng.TestRunner.privateRun(TestRunner.java:767)
	at org.testng.TestRunner.run(TestRunner.java:617)
	at org.testng.SuiteRunner.runTest(SuiteRunner.java:334)
	at org.testng.SuiteRunner.runSequentially(SuiteRunner.java:329)
	at org.testng.SuiteRunner.privateRun(SuiteRunner.java:291)
	at org.testng.SuiteRunner.run(SuiteRunner.java:240)
	at org.testng.SuiteRunnerWorker.runSuite(SuiteRunnerWorker.java:52)
	at org.testng.SuiteRunnerWorker.run(SuiteRunnerWorker.java:86)
	at org.testng.TestNG.runSuitesSequentially(TestNG.java:1198)
	at org.testng.TestNG.runSuitesLocally(TestNG.java:1123)
	at org.testng.TestNG.run(TestNG.java:1031)
	at org.testng.remote.AbstractRemoteTestNG.run(AbstractRemoteTestNG.java:115)
	at org.testng.remote.RemoteTestNG.initAndRun(RemoteTestNG.java:251)
	at org.testng.remote.RemoteTestNG.main(RemoteTestNG.java:77)
]]>
    </error>
  </testcase> <!-- eMRadioButtonDistributionDSDReportTest -->
  <testcase classname="com.triotree.test.website.MISReports.ReportsTest" name="misDSDAndUserWiseCollectionAndIpDiscountReportTest" time="173.364">
    <failure message="D:\automationproject\qa-automation-triotree\Downloads\Department Wise SubDepartment Wise Revenue.csv (The system cannot find the file specified)" type="java.io.FileNotFoundException">
      <![CDATA[java.io.FileNotFoundException: D:\automationproject\qa-automation-triotree\Downloads\Department Wise SubDepartment Wise Revenue.csv (The system cannot find the file specified)
	at java.base/java.io.FileInputStream.open0(Native Method)
	at java.base/java.io.FileInputStream.open(FileInputStream.java:220)
	at java.base/java.io.FileInputStream.<init>(FileInputStream.java:158)
	at com.triotree.test.website.MISReports.ReportsTest.misDSDAndUserWiseCollectionAndIpDiscountReportTest(ReportsTest.java:215)
	at java.base/jdk.internal.reflect.NativeMethodAccessorImpl.invoke0(Native Method)
	at java.base/jdk.internal.reflect.NativeMethodAccessorImpl.invoke(NativeMethodAccessorImpl.java:62)
	at java.base/jdk.internal.reflect.DelegatingMethodAccessorImpl.invoke(DelegatingMethodAccessorImpl.java:43)
	at java.base/java.lang.reflect.Method.invoke(Method.java:564)
	at org.testng.internal.MethodInvocationHelper.invokeMethod(MethodInvocationHelper.java:80)
	at org.testng.internal.Invoker.invokeMethod(Invoker.java:714)
	at org.testng.internal.Invoker.invokeTestMethod(Invoker.java:901)
	at org.testng.internal.Invoker.invokeTestMethods(Invoker.java:1231)
	at org.testng.internal.TestMethodWorker.invokeTestMethods(TestMethodWorker.java:127)
	at org.testng.internal.TestMethodWorker.run(TestMethodWorker.java:111)
	at org.testng.TestRunner.privateRun(TestRunner.java:767)
	at org.testng.TestRunner.run(TestRunner.java:617)
	at org.testng.SuiteRunner.runTest(SuiteRunner.java:334)
	at org.testng.SuiteRunner.runSequentially(SuiteRunner.java:329)
	at org.testng.SuiteRunner.privateRun(SuiteRunner.java:291)
	at org.testng.SuiteRunner.run(SuiteRunner.java:240)
	at org.testng.SuiteRunnerWorker.runSuite(SuiteRunnerWorker.java:52)
	at org.testng.SuiteRunnerWorker.run(SuiteRunnerWorker.java:86)
	at org.testng.TestNG.runSuitesSequentially(TestNG.java:1198)
	at org.testng.TestNG.runSuitesLocally(TestNG.java:1123)
	at org.testng.TestNG.run(TestNG.java:1031)
	at org.testng.remote.AbstractRemoteTestNG.run(AbstractRemoteTestNG.java:115)
	at org.testng.remote.RemoteTestNG.initAndRun(RemoteTestNG.java:251)
	at org.testng.remote.RemoteTestNG.main(RemoteTestNG.java:77)
]]>
    </failure>
  </testcase> <!-- misDSDAndUserWiseCollectionAndIpDiscountReportTest -->
  <testcase classname="com.triotree.test.website.MISReports.ReportsTest" name="misIpDiscountReportTest" time="62.003"/>
  <testcase classname="com.triotree.test.website.MISReports.ReportsTest" name="eMSummaryRadioButtonDSDReportTest" time="227.609"/>
  <testcase classname="com.triotree.test.website.MISReports.ReportsTest" name="iPDetailsRadioButtonDSDReportTest" time="269.370"/>
  <testcase classname="com.triotree.test.website.MISReports.ReportsTest" name="oPRadioButtonDistributionDSDReportTest" time="254.017"/>
  <testcase classname="com.triotree.test.website.MISReports.ReportsTest" name="patientRegistrationValidDataTest" time="199.880"/>
  <testcase classname="com.triotree.test.website.MISReports.ReportsTest" name="misOpDiscountReportTest" time="77.450"/>
  <testcase classname="com.triotree.test.website.MISReports.ReportsTest" name="iPSummaryRadioButtonDSDReportTest" time="235.527"/>
  <testcase classname="com.triotree.test.website.MISReports.ReportsTest" name="oPOverallRadioButtonDSDReportTest" time="249.065"/>
  <testcase classname="com.triotree.test.website.MISReports.ReportsTest" name="allRadioButtonDistributionDSDReportTest" time="142.546"/>
  <testcase classname="com.triotree.test.website.MISReports.ReportsTest" name="iPRadioButtonDistributionDSDReportTest" time="298.283"/>
  <testcase classname="com.triotree.test.website.MISReports.ReportsTest" name="iPOverallRadioButtonDSDReportTest" time="272.833"/>
  <testcase classname="com.triotree.test.website.MISReports.ReportsTest" name="oPSummaryRadioButtonDSDReportTest" time="266.261"/>
  <testcase classname="com.triotree.test.website.MISReports.ReportsTest" name="oPDetailsRadioButtonDSDReportTest" time="239.676"/>
  <testcase classname="com.triotree.test.website.MISReports.ReportsTest" name="eMOverallRadioButtonDSDReportTest" time="211.754"/>
  <testcase classname="com.triotree.test.website.MISReports.ReportsTest" name="misUserWiseCollectionReportTest" time="410.437">
    <failure message="script timeout
  (Session info: chrome=84.0.4147.105)
Build info: version: &#039;3.7.1&#039;, revision: &#039;8a0099a&#039;, time: &#039;2017-11-06T21:01:39.354Z&#039;
System info: host: &#039;DESKTOP-U1OL4JI&#039;, ip: &#039;206.19.38.23&#039;, os.name: &#039;Windows 10&#039;, os.arch: &#039;amd64&#039;, os.version: &#039;10.0&#039;, java.version: &#039;10.0.2&#039;
Driver info: org.openqa.selenium.chrome.ChromeDriver
Capabilities {acceptInsecureCerts: false, browserName: chrome, browserVersion: 84.0.4147.105, chrome: {chromedriverVersion: 83.0.4103.39 (ccbf011cb2d2b..., userDataDir: C:\Users\Nishant\AppData\Lo...}, goog:chromeOptions: {debuggerAddress: localhost:53260}, javascriptEnabled: true, networkConnectionEnabled: false, pageLoadStrategy: normal, platform: WINDOWS, platformName: WINDOWS, proxy: Proxy(), setWindowRect: true, strictFileInteractability: false, timeouts: {implicit: 0, pageLoad: 300000, script: 30000}, unhandledPromptBehavior: dismiss and notify, webauthn:virtualAuthenticators: true}
Session ID: 8ec74627757a5d6c031ad8bf422b0076" type="org.openqa.selenium.ScriptTimeoutException">
      <![CDATA[org.openqa.selenium.ScriptTimeoutException: script timeout
  (Session info: chrome=84.0.4147.105)
Build info: version: '3.7.1', revision: '8a0099a', time: '2017-11-06T21:01:39.354Z'
System info: host: 'DESKTOP-U1OL4JI', ip: '206.19.38.23', os.name: 'Windows 10', os.arch: 'amd64', os.version: '10.0', java.version: '10.0.2'
Driver info: org.openqa.selenium.chrome.ChromeDriver
Capabilities {acceptInsecureCerts: false, browserName: chrome, browserVersion: 84.0.4147.105, chrome: {chromedriverVersion: 83.0.4103.39 (ccbf011cb2d2b..., userDataDir: C:\Users\Nishant\AppData\Lo...}, goog:chromeOptions: {debuggerAddress: localhost:53260}, javascriptEnabled: true, networkConnectionEnabled: false, pageLoadStrategy: normal, platform: WINDOWS, platformName: WINDOWS, proxy: Proxy(), setWindowRect: true, strictFileInteractability: false, timeouts: {implicit: 0, pageLoad: 300000, script: 30000}, unhandledPromptBehavior: dismiss and notify, webauthn:virtualAuthenticators: true}
Session ID: 8ec74627757a5d6c031ad8bf422b0076
	at java.base/jdk.internal.reflect.NativeConstructorAccessorImpl.newInstance0(Native Method)
	at java.base/jdk.internal.reflect.NativeConstructorAccessorImpl.newInstance(NativeConstructorAccessorImpl.java:62)
	at java.base/jdk.internal.reflect.DelegatingConstructorAccessorImpl.newInstance(DelegatingConstructorAccessorImpl.java:45)
	at java.base/java.lang.reflect.Constructor.newInstance(Constructor.java:488)
	at org.openqa.selenium.remote.http.W3CHttpResponseCodec.createException(W3CHttpResponseCodec.java:187)
	at org.openqa.selenium.remote.http.W3CHttpResponseCodec.decode(W3CHttpResponseCodec.java:122)
	at org.openqa.selenium.remote.http.W3CHttpResponseCodec.decode(W3CHttpResponseCodec.java:49)
	at org.openqa.selenium.remote.HttpCommandExecutor.execute(HttpCommandExecutor.java:164)
	at org.openqa.selenium.remote.service.DriverCommandExecutor.execute(DriverCommandExecutor.java:83)
	at org.openqa.selenium.remote.RemoteWebDriver.execute(RemoteWebDriver.java:600)
	at org.openqa.selenium.remote.RemoteWebDriver.executeScript(RemoteWebDriver.java:536)
	at com.triotree.driver.website.TTWebsiteDriver.clickByJS(TTWebsiteDriver.java:310)
	at com.triotree.website.pages.Reports.DepartmentWiseSubDepartmentWiseRevenuePage.clickOnCSVButtonFromDepartmentWiseTestAndRevenueReport(DepartmentWiseSubDepartmentWiseRevenuePage.java:178)
	at com.triotree.test.website.MISReports.ReportsTest.misUserWiseCollectionReportTest(ReportsTest.java:564)
	at java.base/jdk.internal.reflect.NativeMethodAccessorImpl.invoke0(Native Method)
	at java.base/jdk.internal.reflect.NativeMethodAccessorImpl.invoke(NativeMethodAccessorImpl.java:62)
	at java.base/jdk.internal.reflect.DelegatingMethodAccessorImpl.invoke(DelegatingMethodAccessorImpl.java:43)
	at java.base/java.lang.reflect.Method.invoke(Method.java:564)
	at org.testng.internal.MethodInvocationHelper.invokeMethod(MethodInvocationHelper.java:80)
	at org.testng.internal.Invoker.invokeMethod(Invoker.java:714)
	at org.testng.internal.Invoker.invokeTestMethod(Invoker.java:901)
	at org.testng.internal.Invoker.invokeTestMethods(Invoker.java:1231)
	at org.testng.internal.TestMethodWorker.invokeTestMethods(TestMethodWorker.java:127)
	at org.testng.internal.TestMethodWorker.run(TestMethodWorker.java:111)
	at org.testng.TestRunner.privateRun(TestRunner.java:767)
	at org.testng.TestRunner.run(TestRunner.java:617)
	at org.testng.SuiteRunner.runTest(SuiteRunner.java:334)
	at org.testng.SuiteRunner.runSequentially(SuiteRunner.java:329)
	at org.testng.SuiteRunner.privateRun(SuiteRunner.java:291)
	at org.testng.SuiteRunner.run(SuiteRunner.java:240)
	at org.testng.SuiteRunnerWorker.runSuite(SuiteRunnerWorker.java:52)
	at org.testng.SuiteRunnerWorker.run(SuiteRunnerWorker.java:86)
	at org.testng.TestNG.runSuitesSequentially(TestNG.java:1198)
	at org.testng.TestNG.runSuitesLocally(TestNG.java:1123)
	at org.testng.TestNG.run(TestNG.java:1031)
	at org.testng.remote.AbstractRemoteTestNG.run(AbstractRemoteTestNG.java:115)
	at org.testng.remote.RemoteTestNG.initAndRun(RemoteTestNG.java:251)
	at org.testng.remote.RemoteTestNG.main(RemoteTestNG.java:77)
]]>
    </failure>
  </testcase> <!-- misUserWiseCollectionReportTest -->
  <testcase classname="com.triotree.test.website.MISReports.ReportsTest" name="eMDetailsRadioButtonDSDReportTest" time="230.699"/>
  <testcase classname="com.triotree.test.website.MISReports.ReportsTest" name="misDsdMatchWithDeptWiseTestAndRevenueReportForIpEpisodeTest" time="97.384">
    <failure message="D:\automationproject\qa-automation-triotree\Downloads\Department Wise SubDepartment Wise Revenue.csv (The system cannot find the file specified)" type="java.io.FileNotFoundException">
      <![CDATA[java.io.FileNotFoundException: D:\automationproject\qa-automation-triotree\Downloads\Department Wise SubDepartment Wise Revenue.csv (The system cannot find the file specified)
	at java.base/java.io.FileInputStream.open0(Native Method)
	at java.base/java.io.FileInputStream.open(FileInputStream.java:220)
	at java.base/java.io.FileInputStream.<init>(FileInputStream.java:158)
	at com.triotree.test.website.MISReports.ReportsTest.misDsdMatchWithDeptWiseTestAndRevenueReportForIpEpisodeTest(ReportsTest.java:435)
	at java.base/jdk.internal.reflect.NativeMethodAccessorImpl.invoke0(Native Method)
	at java.base/jdk.internal.reflect.NativeMethodAccessorImpl.invoke(NativeMethodAccessorImpl.java:62)
	at java.base/jdk.internal.reflect.DelegatingMethodAccessorImpl.invoke(DelegatingMethodAccessorImpl.java:43)
	at java.base/java.lang.reflect.Method.invoke(Method.java:564)
	at org.testng.internal.MethodInvocationHelper.invokeMethod(MethodInvocationHelper.java:80)
	at org.testng.internal.Invoker.invokeMethod(Invoker.java:714)
	at org.testng.internal.Invoker.invokeTestMethod(Invoker.java:901)
	at org.testng.internal.Invoker.invokeTestMethods(Invoker.java:1231)
	at org.testng.internal.TestMethodWorker.invokeTestMethods(TestMethodWorker.java:127)
	at org.testng.internal.TestMethodWorker.run(TestMethodWorker.java:111)
	at org.testng.TestRunner.privateRun(TestRunner.java:767)
	at org.testng.TestRunner.run(TestRunner.java:617)
	at org.testng.SuiteRunner.runTest(SuiteRunner.java:334)
	at org.testng.SuiteRunner.runSequentially(SuiteRunner.java:329)
	at org.testng.SuiteRunner.privateRun(SuiteRunner.java:291)
	at org.testng.SuiteRunner.run(SuiteRunner.java:240)
	at org.testng.SuiteRunnerWorker.runSuite(SuiteRunnerWorker.java:52)
	at org.testng.SuiteRunnerWorker.run(SuiteRunnerWorker.java:86)
	at org.testng.TestNG.runSuitesSequentially(TestNG.java:1198)
	at org.testng.TestNG.runSuitesLocally(TestNG.java:1123)
	at org.testng.TestNG.run(TestNG.java:1031)
	at org.testng.remote.AbstractRemoteTestNG.run(AbstractRemoteTestNG.java:115)
	at org.testng.remote.RemoteTestNG.initAndRun(RemoteTestNG.java:251)
	at org.testng.remote.RemoteTestNG.main(RemoteTestNG.java:77)
]]>
    </failure>
  </testcase> <!-- misDsdMatchWithDeptWiseTestAndRevenueReportForIpEpisodeTest -->
</testsuite> <!-- com.triotree.test.website.MISReports.ReportsTest -->
