<?xml version="1.0" encoding="UTF-8"?>
<!-- Generated by org.testng.reporters.JUnitReportReporter -->
<testsuite hostname="DESKTOP-G8VF51I" failures="1" tests="11" name="com.triotree.test.website.FrontOffice.PatientRegistrationTest" time="1047.954" errors="0" timestamp="24 Nov 2020 10:58:13 GMT">
  <testcase classname="com.triotree.test.website.FrontOffice.PatientRegistrationTest" name="frontOfficeDOBSearchFieldInAllScreenTest" time="167.403">
    <failure message="element not interactable
  (Session info: chrome=87.0.4280.66)
Build info: version: &#039;3.7.1&#039;, revision: &#039;8a0099a&#039;, time: &#039;2017-11-06T21:01:39.354Z&#039;
System info: host: &#039;DESKTOP-G8VF51I&#039;, ip: &#039;206.19.38.215&#039;, os.name: &#039;Windows 10&#039;, os.arch: &#039;amd64&#039;, os.version: &#039;10.0&#039;, java.version: &#039;10.0.2&#039;
Driver info: org.openqa.selenium.chrome.ChromeDriver
Capabilities {acceptInsecureCerts: false, browserName: chrome, browserVersion: 87.0.4280.66, chrome: {chromedriverVersion: 87.0.4280.20 (c99e81631faa0..., userDataDir: C:\Users\TrioTree\AppData\L...}, goog:chromeOptions: {debuggerAddress: localhost:52096}, javascriptEnabled: true, networkConnectionEnabled: false, pageLoadStrategy: normal, platform: WINDOWS, platformName: WINDOWS, proxy: Proxy(), setWindowRect: true, strictFileInteractability: false, timeouts: {implicit: 0, pageLoad: 300000, script: 30000}, unhandledPromptBehavior: dismiss and notify, webauthn:virtualAuthenticators: true}
Session ID: 586536ab4513012576d3556de652468c" type="org.openqa.selenium.ElementNotInteractableException">
      <![CDATA[org.openqa.selenium.ElementNotInteractableException: element not interactable
  (Session info: chrome=87.0.4280.66)
Build info: version: '3.7.1', revision: '8a0099a', time: '2017-11-06T21:01:39.354Z'
System info: host: 'DESKTOP-G8VF51I', ip: '206.19.38.215', os.name: 'Windows 10', os.arch: 'amd64', os.version: '10.0', java.version: '10.0.2'
Driver info: org.openqa.selenium.chrome.ChromeDriver
Capabilities {acceptInsecureCerts: false, browserName: chrome, browserVersion: 87.0.4280.66, chrome: {chromedriverVersion: 87.0.4280.20 (c99e81631faa0..., userDataDir: C:\Users\TrioTree\AppData\L...}, goog:chromeOptions: {debuggerAddress: localhost:52096}, javascriptEnabled: true, networkConnectionEnabled: false, pageLoadStrategy: normal, platform: WINDOWS, platformName: WINDOWS, proxy: Proxy(), setWindowRect: true, strictFileInteractability: false, timeouts: {implicit: 0, pageLoad: 300000, script: 30000}, unhandledPromptBehavior: dismiss and notify, webauthn:virtualAuthenticators: true}
Session ID: 586536ab4513012576d3556de652468c
	at java.base/jdk.internal.reflect.NativeConstructorAccessorImpl.newInstance0(Native Method)
	at java.base/jdk.internal.reflect.NativeConstructorAccessorImpl.newInstance(Unknown Source)
	at java.base/jdk.internal.reflect.DelegatingConstructorAccessorImpl.newInstance(Unknown Source)
	at java.base/java.lang.reflect.Constructor.newInstance(Unknown Source)
	at org.openqa.selenium.remote.http.W3CHttpResponseCodec.createException(W3CHttpResponseCodec.java:187)
	at org.openqa.selenium.remote.http.W3CHttpResponseCodec.decode(W3CHttpResponseCodec.java:122)
	at org.openqa.selenium.remote.http.W3CHttpResponseCodec.decode(W3CHttpResponseCodec.java:49)
	at org.openqa.selenium.remote.HttpCommandExecutor.execute(HttpCommandExecutor.java:164)
	at org.openqa.selenium.remote.service.DriverCommandExecutor.execute(DriverCommandExecutor.java:83)
	at org.openqa.selenium.remote.RemoteWebDriver.execute(RemoteWebDriver.java:600)
	at org.openqa.selenium.remote.RemoteWebElement.execute(RemoteWebElement.java:279)
	at org.openqa.selenium.remote.RemoteWebElement.clear(RemoteWebElement.java:118)
	at com.triotree.website.pages.FrontOffice.MarkPatientDeceasedPage.enterDOBInSearchPopup(MarkPatientDeceasedPage.java:67)
	at com.triotree.test.website.FrontOffice.PatientRegistrationTest.frontOfficeDOBSearchFieldInAllScreenTest(PatientRegistrationTest.java:618)
	at java.base/jdk.internal.reflect.NativeMethodAccessorImpl.invoke0(Native Method)
	at java.base/jdk.internal.reflect.NativeMethodAccessorImpl.invoke(Unknown Source)
	at java.base/jdk.internal.reflect.DelegatingMethodAccessorImpl.invoke(Unknown Source)
	at java.base/java.lang.reflect.Method.invoke(Unknown Source)
	at org.testng.internal.MethodInvocationHelper.invokeMethod(MethodInvocationHelper.java:80)
	at org.testng.internal.Invoker.invokeMethod(Invoker.java:714)
	at org.testng.internal.Invoker.invokeTestMethod(Invoker.java:901)
	at org.testng.internal.Invoker.invokeTestMethods(Invoker.java:1231)
	at org.testng.internal.TestMethodWorker.invokeTestMethods(TestMethodWorker.java:127)
	at org.testng.internal.TestMethodWorker.run(TestMethodWorker.java:111)
	at org.testng.TestRunner.privateRun(TestRunner.java:767)
	at org.testng.TestRunner.run(TestRunner.java:617)
	at org.testng.SuiteRunner.runTest(SuiteRunner.java:334)
	at org.testng.SuiteRunner.runSequentially(SuiteRunner.java:329)
	at org.testng.SuiteRunner.privateRun(SuiteRunner.java:291)
	at org.testng.SuiteRunner.run(SuiteRunner.java:240)
	at org.testng.SuiteRunnerWorker.runSuite(SuiteRunnerWorker.java:52)
	at org.testng.SuiteRunnerWorker.run(SuiteRunnerWorker.java:86)
	at org.testng.TestNG.runSuitesSequentially(TestNG.java:1198)
	at org.testng.TestNG.runSuitesLocally(TestNG.java:1123)
	at org.testng.TestNG.run(TestNG.java:1031)
	at org.testng.remote.AbstractRemoteTestNG.run(AbstractRemoteTestNG.java:115)
	at org.testng.remote.RemoteTestNG.initAndRun(RemoteTestNG.java:251)
	at org.testng.remote.RemoteTestNG.main(RemoteTestNG.java:77)
]]>
    </failure>
  </testcase> <!-- frontOfficeDOBSearchFieldInAllScreenTest -->
  <testcase classname="com.triotree.test.website.FrontOffice.PatientRegistrationTest" name="patientRegistrationSimilarSoundingSelectPreviousPatientTest" time="81.623"/>
  <testcase classname="com.triotree.test.website.FrontOffice.PatientRegistrationTest" name="frontOfficeSearchPatientTest" time="24.335"/>
  <testcase classname="com.triotree.test.website.FrontOffice.PatientRegistrationTest" name="patientRegistrationValidDataTest" time="124.410"/>
  <testcase classname="com.triotree.test.website.FrontOffice.PatientRegistrationTest" name="frontOfficeCaptureModificationRemarksChangingDemographicDetailsTest" time="137.934"/>
  <testcase classname="com.triotree.test.website.FrontOffice.PatientRegistrationTest" name="frontOfficeDocumentUploadTest" time="40.053"/>
  <testcase classname="com.triotree.test.website.FrontOffice.PatientRegistrationTest" name="frontOfficeRegistrationWithKinDetailsTest" time="87.846"/>
  <testcase classname="com.triotree.test.website.FrontOffice.PatientRegistrationTest" name="patientRegistrationAliasName" time="111.015"/>
  <testcase classname="com.triotree.test.website.FrontOffice.PatientRegistrationTest" name="registrationFormInFrontOfficeWithKinDetailsTest" time="87.170"/>
  <testcase classname="com.triotree.test.website.FrontOffice.PatientRegistrationTest" name="patientRegistrationSimilarSoundingClosePopupTest" time="91.036"/>
  <testcase classname="com.triotree.test.website.FrontOffice.PatientRegistrationTest" name="frontOfficeCapturePurposeOfVisitOnRegistrationTest" time="95.129"/>
</testsuite> <!-- com.triotree.test.website.FrontOffice.PatientRegistrationTest -->
