<?xml version="1.0" encoding="UTF-8"?>
<!-- Generated by org.testng.reporters.JUnitReportReporter -->
<testsuite hostname="DESKTOP-U1OL4JI" failures="0" tests="1" name="com.triotree.test.website.ADT.IPDepositRefundformTest" time="148.670" errors="0" timestamp="28 Jul 2020 05:13:13 GMT">
  <testcase classname="com.triotree.test.website.ADT.IPDepositRefundformTest" name="AdtIPDepositRefundformTest" time="148.670"/>
</testsuite> <!-- com.triotree.test.website.ADT.IPDepositRefundformTest -->
