<?xml version="1.0" encoding="UTF-8"?>
<!-- Generated by org.testng.reporters.JUnitReportReporter -->
<testsuite hostname="DESKTOP-U1OL4JI" failures="0" tests="1" name="com.triotree.test.website.ADT.ReEnterUHIDAdmitwithdependentpatient" time="171.364" errors="0" timestamp="28 Jul 2020 05:01:13 GMT">
  <testcase classname="com.triotree.test.website.ADT.ReEnterUHIDAdmitwithdependentpatient" name="ReEnterUHIDandadmitwithdependentpatientsimultaneouslytransfer" time="171.364"/>
</testsuite> <!-- com.triotree.test.website.ADT.ReEnterUHIDAdmitwithdependentpatient -->
