<?xml version="1.0" encoding="UTF-8"?>
<!-- Generated by org.testng.reporters.JUnitReportReporter -->
<testsuite hostname="Nishantsharma" failures="0" tests="1" name="com.triotree.test.website.ADT.IPDepositRefundDebitCardTest" time="130.510" errors="0" timestamp="3 Jul 2020 05:28:05 GMT">
  <testcase classname="com.triotree.test.website.ADT.IPDepositRefundDebitCardTest" name="AdtIPDepositRefundDebitCardformTest" time="130.510"/>
</testsuite> <!-- com.triotree.test.website.ADT.IPDepositRefundDebitCardTest -->
