<?xml version="1.0" encoding="UTF-8"?>
<!-- Generated by org.testng.reporters.JUnitReportReporter -->
<testsuite hostname="Nishantsharma" failures="0" tests="2" name="com.triotree.test.website.FrontOffice.MergeDuplicateTest" time="388.101" errors="0" timestamp="9 Apr 2020 05:27:00 GMT">
  <testcase classname="com.triotree.test.website.FrontOffice.MergeDuplicateTest" name="mergeAndUnmergePatientDuplicateTest" time="117.635"/>
  <testcase classname="com.triotree.test.website.FrontOffice.MergeDuplicateTest" name="frontOfficeMergeDuplicateWithDepositOnPatientTest" time="270.466"/>
</testsuite> <!-- com.triotree.test.website.FrontOffice.MergeDuplicateTest -->
