<?xml version="1.0" encoding="UTF-8"?>
<!-- Generated by org.testng.reporters.JUnitReportReporter -->
<testsuite hostname="Nishantsharma" failures="1" tests="11" name="com.triotree.test.website.FrontOffice.PatientRegistrationTest" time="1984.407" errors="0" timestamp="3 Jul 2020 06:13:08 GMT">
  <testcase classname="com.triotree.test.website.FrontOffice.PatientRegistrationTest" name="patientRegistrationAliasName" time="195.845"/>
  <testcase classname="com.triotree.test.website.FrontOffice.PatientRegistrationTest" name="frontOfficeDocumentUploadTest" time="93.710"/>
  <testcase classname="com.triotree.test.website.FrontOffice.PatientRegistrationTest" name="registrationFormInFrontOfficeWithKinDetailsTest" time="189.044"/>
  <testcase classname="com.triotree.test.website.FrontOffice.PatientRegistrationTest" name="frontOfficeCaptureModificationRemarksChangingDemographicDetailsTest" time="196.999"/>
  <testcase classname="com.triotree.test.website.FrontOffice.PatientRegistrationTest" name="patientRegistrationSimilarSoundingClosePopupTest" time="181.605"/>
  <testcase classname="com.triotree.test.website.FrontOffice.PatientRegistrationTest" name="frontOfficeCapturePurposeOfVisitOnRegistrationTest" time="182.432"/>
  <testcase classname="com.triotree.test.website.FrontOffice.PatientRegistrationTest" name="frontOfficeDOBSearchFieldInAllScreenTest" time="359.964">
    <failure message="element not interactable
  (Session info: chrome=83.0.4103.116)
Build info: version: &#039;3.7.1&#039;, revision: &#039;8a0099a&#039;, time: &#039;2017-11-06T21:01:39.354Z&#039;
System info: host: &#039;NISHANTSHARMA&#039;, ip: &#039;206.19.38.23&#039;, os.name: &#039;Windows 7&#039;, os.arch: &#039;amd64&#039;, os.version: &#039;6.1&#039;, java.version: &#039;10.0.2&#039;
Driver info: org.openqa.selenium.chrome.ChromeDriver
Capabilities {acceptInsecureCerts: false, browserName: chrome, browserVersion: 83.0.4103.116, chrome: {chromedriverVersion: 83.0.4103.39 (ccbf011cb2d2b..., userDataDir: C:\Users\NISHAN~1\AppData\L...}, goog:chromeOptions: {debuggerAddress: localhost:51230}, javascriptEnabled: true, networkConnectionEnabled: false, pageLoadStrategy: normal, platform: WINDOWS, platformName: WINDOWS, proxy: Proxy(), setWindowRect: true, strictFileInteractability: false, timeouts: {implicit: 0, pageLoad: 300000, script: 30000}, unhandledPromptBehavior: dismiss and notify, webauthn:virtualAuthenticators: true}
Session ID: 024fb0df4daf70a5a80c83d620751340" type="org.openqa.selenium.ElementNotInteractableException">
      <![CDATA[org.openqa.selenium.ElementNotInteractableException: element not interactable
  (Session info: chrome=83.0.4103.116)
Build info: version: '3.7.1', revision: '8a0099a', time: '2017-11-06T21:01:39.354Z'
System info: host: 'NISHANTSHARMA', ip: '206.19.38.23', os.name: 'Windows 7', os.arch: 'amd64', os.version: '6.1', java.version: '10.0.2'
Driver info: org.openqa.selenium.chrome.ChromeDriver
Capabilities {acceptInsecureCerts: false, browserName: chrome, browserVersion: 83.0.4103.116, chrome: {chromedriverVersion: 83.0.4103.39 (ccbf011cb2d2b..., userDataDir: C:\Users\NISHAN~1\AppData\L...}, goog:chromeOptions: {debuggerAddress: localhost:51230}, javascriptEnabled: true, networkConnectionEnabled: false, pageLoadStrategy: normal, platform: WINDOWS, platformName: WINDOWS, proxy: Proxy(), setWindowRect: true, strictFileInteractability: false, timeouts: {implicit: 0, pageLoad: 300000, script: 30000}, unhandledPromptBehavior: dismiss and notify, webauthn:virtualAuthenticators: true}
Session ID: 024fb0df4daf70a5a80c83d620751340
	at java.base/jdk.internal.reflect.NativeConstructorAccessorImpl.newInstance0(Native Method)
	at java.base/jdk.internal.reflect.NativeConstructorAccessorImpl.newInstance(NativeConstructorAccessorImpl.java:62)
	at java.base/jdk.internal.reflect.DelegatingConstructorAccessorImpl.newInstance(DelegatingConstructorAccessorImpl.java:45)
	at java.base/java.lang.reflect.Constructor.newInstance(Constructor.java:488)
	at org.openqa.selenium.remote.http.W3CHttpResponseCodec.createException(W3CHttpResponseCodec.java:187)
	at org.openqa.selenium.remote.http.W3CHttpResponseCodec.decode(W3CHttpResponseCodec.java:122)
	at org.openqa.selenium.remote.http.W3CHttpResponseCodec.decode(W3CHttpResponseCodec.java:49)
	at org.openqa.selenium.remote.HttpCommandExecutor.execute(HttpCommandExecutor.java:164)
	at org.openqa.selenium.remote.service.DriverCommandExecutor.execute(DriverCommandExecutor.java:83)
	at org.openqa.selenium.remote.RemoteWebDriver.execute(RemoteWebDriver.java:600)
	at org.openqa.selenium.remote.RemoteWebElement.execute(RemoteWebElement.java:279)
	at org.openqa.selenium.remote.RemoteWebElement.clear(RemoteWebElement.java:118)
	at com.triotree.website.pages.FrontOffice.MarkPatientDeceasedPage.enterDOBInSearchPopup(MarkPatientDeceasedPage.java:67)
	at com.triotree.test.website.FrontOffice.PatientRegistrationTest.frontOfficeDOBSearchFieldInAllScreenTest(PatientRegistrationTest.java:615)
	at java.base/jdk.internal.reflect.NativeMethodAccessorImpl.invoke0(Native Method)
	at java.base/jdk.internal.reflect.NativeMethodAccessorImpl.invoke(NativeMethodAccessorImpl.java:62)
	at java.base/jdk.internal.reflect.DelegatingMethodAccessorImpl.invoke(DelegatingMethodAccessorImpl.java:43)
	at java.base/java.lang.reflect.Method.invoke(Method.java:564)
	at org.testng.internal.MethodInvocationHelper.invokeMethod(MethodInvocationHelper.java:80)
	at org.testng.internal.Invoker.invokeMethod(Invoker.java:714)
	at org.testng.internal.Invoker.invokeTestMethod(Invoker.java:901)
	at org.testng.internal.Invoker.invokeTestMethods(Invoker.java:1231)
	at org.testng.internal.TestMethodWorker.invokeTestMethods(TestMethodWorker.java:127)
	at org.testng.internal.TestMethodWorker.run(TestMethodWorker.java:111)
	at org.testng.TestRunner.privateRun(TestRunner.java:767)
	at org.testng.TestRunner.run(TestRunner.java:617)
	at org.testng.SuiteRunner.runTest(SuiteRunner.java:334)
	at org.testng.SuiteRunner.runSequentially(SuiteRunner.java:329)
	at org.testng.SuiteRunner.privateRun(SuiteRunner.java:291)
	at org.testng.SuiteRunner.run(SuiteRunner.java:240)
	at org.testng.SuiteRunnerWorker.runSuite(SuiteRunnerWorker.java:52)
	at org.testng.SuiteRunnerWorker.run(SuiteRunnerWorker.java:86)
	at org.testng.TestNG.runSuitesSequentially(TestNG.java:1198)
	at org.testng.TestNG.runSuitesLocally(TestNG.java:1123)
	at org.testng.TestNG.run(TestNG.java:1031)
	at org.testng.remote.AbstractRemoteTestNG.run(AbstractRemoteTestNG.java:115)
	at org.testng.remote.RemoteTestNG.initAndRun(RemoteTestNG.java:251)
	at org.testng.remote.RemoteTestNG.main(RemoteTestNG.java:77)
]]>
    </failure>
  </testcase> <!-- frontOfficeDOBSearchFieldInAllScreenTest -->
  <testcase classname="com.triotree.test.website.FrontOffice.PatientRegistrationTest" name="patientRegistrationSimilarSoundingSelectPreviousPatientTest" time="129.970"/>
  <testcase classname="com.triotree.test.website.FrontOffice.PatientRegistrationTest" name="frontOfficeRegistrationWithKinDetailsTest" time="182.740"/>
  <testcase classname="com.triotree.test.website.FrontOffice.PatientRegistrationTest" name="patientRegistrationValidDataTest" time="185.237"/>
  <testcase classname="com.triotree.test.website.FrontOffice.PatientRegistrationTest" name="frontOfficeSearchPatientTest" time="86.861"/>
</testsuite> <!-- com.triotree.test.website.FrontOffice.PatientRegistrationTest -->
