<?xml version="1.0" encoding="UTF-8"?>
<!-- Generated by org.testng.reporters.JUnitReportReporter -->
<testsuite hostname="Nishantsharma" failures="0" tests="1" name="com.triotree.test.website.FrontOffice.DocumentUploadTest" time="193.305" errors="0" timestamp="30 Apr 2020 06:18:21 GMT">
  <testcase classname="com.triotree.test.website.FrontOffice.DocumentUploadTest" name="patientRegistrationValidDataTest" time="193.305"/>
</testsuite> <!-- com.triotree.test.website.FrontOffice.DocumentUploadTest -->
