<?xml version="1.0" encoding="UTF-8"?>
<!-- Generated by org.testng.reporters.JUnitReportReporter -->
<testsuite hostname="Nishantsharma" failures="0" tests="1" name="com.triotree.test.website.FrontOffice.FrontOfficeBillingTest" time="657.087" errors="0" timestamp="20 May 2020 06:53:10 GMT">
  <testcase classname="com.triotree.test.website.FrontOffice.FrontOfficeBillingTest" name="frontOfficeBillingMergeDuplicatesTestCase" time="657.087"/>
</testsuite> <!-- com.triotree.test.website.FrontOffice.FrontOfficeBillingTest -->
