<?xml version="1.0" encoding="UTF-8"?>
<!-- Generated by org.testng.reporters.JUnitReportReporter -->
<testsuite hostname="NODE1280" name="com.triotree.test.website.PatientRegistration.PatientRegistrationTest" tests="1" failures="0" timestamp="10 Jan 2019 10:52:31 GMT" time="128.249" errors="0">
  <testcase name="patientRegistrationSimilarSoundingSelectPreviousPatientTest" time="128.249" classname="com.triotree.test.website.PatientRegistration.PatientRegistrationTest"/>
</testsuite> <!-- com.triotree.test.website.PatientRegistration.PatientRegistrationTest -->
