<?xml version="1.0" encoding="UTF-8"?>
<!-- Generated by org.testng.reporters.JUnitReportReporter -->
<testsuite hostname="DESKTOP-G8VF51I" failures="0" tests="1" name="com.triotree.test.website.ADT.UpdatePatientDetailsandAddpackageTest" time="69.295" errors="0" timestamp="26 Nov 2020 09:25:41 GMT">
  <testcase classname="com.triotree.test.website.ADT.UpdatePatientDetailsandAddpackageTest" name="reEnterUHIDandupdatePatientdetailsandAddsomepackage" time="69.295"/>
</testsuite> <!-- com.triotree.test.website.ADT.UpdatePatientDetailsandAddpackageTest -->
