<?xml version="1.0" encoding="UTF-8"?>
<!-- Generated by org.testng.reporters.JUnitReportReporter -->
<testsuite hostname="Nishantsharma" failures="0" tests="8" name="com.triotree.test.website.FrontOffice.GenerateScheduleTest" time="1622.160" errors="1" timestamp="6 Apr 2020 04:04:20 GMT">
  <testcase classname="com.triotree.test.website.FrontOffice.GenerateScheduleTest" name="frontOfficeScheduling1Test" time="605.366"/>
  <testcase classname="com.triotree.test.website.FrontOffice.GenerateScheduleTest" name="frontOfficeDoctorSchedulingCancelAppointmentTest" time="186.625"/>
  <testcase classname="com.triotree.test.website.FrontOffice.GenerateScheduleTest" name="frontOfficeDoctorSchedulingWithLinkUHIDTest" time="214.698"/>
  <testcase classname="com.triotree.test.website.FrontOffice.GenerateScheduleTest" name="frontOfficeGenerateSchedule1Test" time="97.370"/>
  <testcase classname="com.triotree.test.website.FrontOffice.GenerateScheduleTest" name="frontOfficeGenerateSchedule3Test" time="97.225"/>
  <testcase classname="com.triotree.test.website.FrontOffice.GenerateScheduleTest" name="frontOfficeDepositBySearchPatientTestSchedule1" time="114.214">
    <error message="Schedule didnt got saved" type="java.lang.AssertionError">
      <![CDATA[java.lang.AssertionError: Schedule didnt got saved
	at org.testng.Assert.fail(Assert.java:94)
	at com.triotree.test.website.TTWebsiteBaseTest.assertTrue(TTWebsiteBaseTest.java:180)
	at com.triotree.test.website.FrontOffice.GenerateScheduleTest.frontOfficeDepositBySearchPatientTestSchedule1(GenerateScheduleTest.java:122)
	at java.base/jdk.internal.reflect.NativeMethodAccessorImpl.invoke0(Native Method)
	at java.base/jdk.internal.reflect.NativeMethodAccessorImpl.invoke(NativeMethodAccessorImpl.java:62)
	at java.base/jdk.internal.reflect.DelegatingMethodAccessorImpl.invoke(DelegatingMethodAccessorImpl.java:43)
	at java.base/java.lang.reflect.Method.invoke(Method.java:564)
	at org.testng.internal.MethodInvocationHelper.invokeMethod(MethodInvocationHelper.java:80)
	at org.testng.internal.Invoker.invokeMethod(Invoker.java:714)
	at org.testng.internal.Invoker.invokeTestMethod(Invoker.java:901)
	at org.testng.internal.Invoker.invokeTestMethods(Invoker.java:1231)
	at org.testng.internal.TestMethodWorker.invokeTestMethods(TestMethodWorker.java:127)
	at org.testng.internal.TestMethodWorker.run(TestMethodWorker.java:111)
	at org.testng.TestRunner.privateRun(TestRunner.java:767)
	at org.testng.TestRunner.run(TestRunner.java:617)
	at org.testng.SuiteRunner.runTest(SuiteRunner.java:334)
	at org.testng.SuiteRunner.runSequentially(SuiteRunner.java:329)
	at org.testng.SuiteRunner.privateRun(SuiteRunner.java:291)
	at org.testng.SuiteRunner.run(SuiteRunner.java:240)
	at org.testng.SuiteRunnerWorker.runSuite(SuiteRunnerWorker.java:52)
	at org.testng.SuiteRunnerWorker.run(SuiteRunnerWorker.java:86)
	at org.testng.TestNG.runSuitesSequentially(TestNG.java:1198)
	at org.testng.TestNG.runSuitesLocally(TestNG.java:1123)
	at org.testng.TestNG.run(TestNG.java:1031)
	at org.testng.remote.AbstractRemoteTestNG.run(AbstractRemoteTestNG.java:115)
	at org.testng.remote.RemoteTestNG.initAndRun(RemoteTestNG.java:251)
	at org.testng.remote.RemoteTestNG.main(RemoteTestNG.java:77)
]]>
    </error>
  </testcase> <!-- frontOfficeDepositBySearchPatientTestSchedule1 -->
  <testcase classname="com.triotree.test.website.FrontOffice.GenerateScheduleTest" name="frontOfficeDoctorSchedulingWithAddPatientTest" time="208.462"/>
  <testcase classname="com.triotree.test.website.FrontOffice.GenerateScheduleTest" name="frontOfficeGenerateSchedule2Test" time="98.200"/>
</testsuite> <!-- com.triotree.test.website.FrontOffice.GenerateScheduleTest -->
