<?xml version="1.0" encoding="UTF-8"?>
<!-- Generated by org.testng.reporters.JUnitReportReporter -->
<testsuite hostname="Nishantsharma" failures="0" tests="1" name="com.triotree.test.website.FrontOffice.PatientRegistrationTest" time="161.197" errors="0" timestamp="21 May 2020 06:19:57 GMT">
  <testcase classname="com.triotree.test.website.FrontOffice.PatientRegistrationTest" name="frontOfficeCaptureModificationRemarksChangingDemographicDetailsTest" time="161.197"/>
</testsuite> <!-- com.triotree.test.website.FrontOffice.PatientRegistrationTest -->
