<?xml version="1.0" encoding="UTF-8"?>
<!-- Generated by org.testng.reporters.JUnitReportReporter -->
<testsuite hostname="DESKTOP-U1OL4JI" failures="0" tests="1" name="com.triotree.test.website.ADT.UpdatePatientDetailsandAddpackageTest" time="83.897" errors="0" timestamp="4 Aug 2020 11:01:56 GMT">
  <testcase classname="com.triotree.test.website.ADT.UpdatePatientDetailsandAddpackageTest" name="reEnterUHIDandupdatePatientdetailsandAddsomepackage" time="83.897"/>
</testsuite> <!-- com.triotree.test.website.ADT.UpdatePatientDetailsandAddpackageTest -->
