<?xml version="1.0" encoding="UTF-8"?>
<!-- Generated by org.testng.reporters.JUnitReportReporter -->
<testsuite hostname="DESKTOP-U1OL4JI" failures="0" tests="1" name="com.triotree.website.Physician.PhysicianOPDCaseSheet" time="181.421" errors="0" timestamp="16 Aug 2020 06:27:25 GMT">
  <testcase classname="com.triotree.website.Physician.PhysicianOPDCaseSheet" name="PhysicianOPDcaseSheetOrdersTest" time="181.421"/>
</testsuite> <!-- com.triotree.website.Physician.PhysicianOPDCaseSheet -->
