<?xml version="1.0" encoding="UTF-8"?>
<!-- Generated by org.testng.reporters.JUnitReportReporter -->
<testsuite hostname="Nishantsharma" failures="1" tests="21" name="com.triotree.test.website.MISReports.ReportsTest" time="6084.518" errors="0" timestamp="15 Apr 2020 05:52:49 GMT">
  <testcase classname="com.triotree.test.website.MISReports.ReportsTest" name="misIpDiscountReportTest" time="58.041"/>
  <testcase classname="com.triotree.test.website.MISReports.ReportsTest" name="misIpDiscountReportAndDsdReportAndUserWiseCollectionReportTest" time="264.304"/>
  <testcase classname="com.triotree.test.website.MISReports.ReportsTest" name="eMOverallRadioButtonDSDReportTest" time="279.170"/>
  <testcase classname="com.triotree.test.website.MISReports.ReportsTest" name="misDSDAndUserWiseCollectionAndIpDiscountReportTest" time="191.244"/>
  <testcase classname="com.triotree.test.website.MISReports.ReportsTest" name="eMRadioButtonDistributionDSDReportTest" time="331.223"/>
  <testcase classname="com.triotree.test.website.MISReports.ReportsTest" name="iPSummaryRadioButtonDSDReportTest" time="151.695">
    <failure message="D:\automationproject\qa-automation-triotree\Downloads\Dept. wise sub dept. wise revenue report .csv (The system cannot find the file specified)" type="java.io.FileNotFoundException">
      <![CDATA[java.io.FileNotFoundException: D:\automationproject\qa-automation-triotree\Downloads\Dept. wise sub dept. wise revenue report .csv (The system cannot find the file specified)
	at java.base/java.io.FileInputStream.open0(Native Method)
	at java.base/java.io.FileInputStream.open(FileInputStream.java:220)
	at java.base/java.io.FileInputStream.<init>(FileInputStream.java:158)
	at com.triotree.test.website.MISReports.ReportsTest.iPSummaryRadioButtonDSDReportTest(ReportsTest.java:2226)
	at java.base/jdk.internal.reflect.NativeMethodAccessorImpl.invoke0(Native Method)
	at java.base/jdk.internal.reflect.NativeMethodAccessorImpl.invoke(NativeMethodAccessorImpl.java:62)
	at java.base/jdk.internal.reflect.DelegatingMethodAccessorImpl.invoke(DelegatingMethodAccessorImpl.java:43)
	at java.base/java.lang.reflect.Method.invoke(Method.java:564)
	at org.testng.internal.MethodInvocationHelper.invokeMethod(MethodInvocationHelper.java:80)
	at org.testng.internal.Invoker.invokeMethod(Invoker.java:714)
	at org.testng.internal.Invoker.invokeTestMethod(Invoker.java:901)
	at org.testng.internal.Invoker.invokeTestMethods(Invoker.java:1231)
	at org.testng.internal.TestMethodWorker.invokeTestMethods(TestMethodWorker.java:127)
	at org.testng.internal.TestMethodWorker.run(TestMethodWorker.java:111)
	at org.testng.TestRunner.privateRun(TestRunner.java:767)
	at org.testng.TestRunner.run(TestRunner.java:617)
	at org.testng.SuiteRunner.runTest(SuiteRunner.java:334)
	at org.testng.SuiteRunner.runSequentially(SuiteRunner.java:329)
	at org.testng.SuiteRunner.privateRun(SuiteRunner.java:291)
	at org.testng.SuiteRunner.run(SuiteRunner.java:240)
	at org.testng.SuiteRunnerWorker.runSuite(SuiteRunnerWorker.java:52)
	at org.testng.SuiteRunnerWorker.run(SuiteRunnerWorker.java:86)
	at org.testng.TestNG.runSuitesSequentially(TestNG.java:1198)
	at org.testng.TestNG.runSuitesLocally(TestNG.java:1123)
	at org.testng.TestNG.run(TestNG.java:1031)
	at org.testng.remote.AbstractRemoteTestNG.run(AbstractRemoteTestNG.java:115)
	at org.testng.remote.RemoteTestNG.initAndRun(RemoteTestNG.java:251)
	at org.testng.remote.RemoteTestNG.main(RemoteTestNG.java:77)
]]>
    </failure>
  </testcase> <!-- iPSummaryRadioButtonDSDReportTest -->
  <testcase classname="com.triotree.test.website.MISReports.ReportsTest" name="misOpDiscountReportTest" time="79.533"/>
  <testcase classname="com.triotree.test.website.MISReports.ReportsTest" name="patientRegistrationValidDataTest" time="181.059"/>
  <testcase classname="com.triotree.test.website.MISReports.ReportsTest" name="misOpDiscountReportAndDSDReportTest" time="200.534"/>
  <testcase classname="com.triotree.test.website.MISReports.ReportsTest" name="misUserWiseCollectionReportTest" time="1162.837"/>
  <testcase classname="com.triotree.test.website.MISReports.ReportsTest" name="oPOverallRadioButtonDSDReportTest" time="301.912"/>
  <testcase classname="com.triotree.test.website.MISReports.ReportsTest" name="eMDetailsRadioButtonDSDReportTest" time="282.495"/>
  <testcase classname="com.triotree.test.website.MISReports.ReportsTest" name="oPSummaryRadioButtonDSDReportTest" time="309.186"/>
  <testcase classname="com.triotree.test.website.MISReports.ReportsTest" name="iPDetailsRadioButtonDSDReportTest" time="334.080"/>
  <testcase classname="com.triotree.test.website.MISReports.ReportsTest" name="misDsdMatchWithDeptWiseTestAndRevenueReportForIpEpisodeTest" time="171.634"/>
  <testcase classname="com.triotree.test.website.MISReports.ReportsTest" name="allRadioButtonDistributionDSDReportTest" time="139.314"/>
  <testcase classname="com.triotree.test.website.MISReports.ReportsTest" name="oPDetailsRadioButtonDSDReportTest" time="314.381"/>
  <testcase classname="com.triotree.test.website.MISReports.ReportsTest" name="iPOverallRadioButtonDSDReportTest" time="346.758"/>
  <testcase classname="com.triotree.test.website.MISReports.ReportsTest" name="eMSummaryRadioButtonDSDReportTest" time="304.293"/>
  <testcase classname="com.triotree.test.website.MISReports.ReportsTest" name="oPRadioButtonDistributionDSDReportTest" time="350.261"/>
  <testcase classname="com.triotree.test.website.MISReports.ReportsTest" name="iPRadioButtonDistributionDSDReportTest" time="330.564"/>
</testsuite> <!-- com.triotree.test.website.MISReports.ReportsTest -->
