<?xml version="1.0" encoding="UTF-8"?>
<!-- Generated by org.testng.reporters.JUnitReportReporter -->
<testsuite hostname="Nishantsharma" failures="0" tests="1" name="com.triotree.test.website.FrontOffice.DepositBillingTest" time="93.456" errors="0" timestamp="20 May 2020 09:40:41 GMT">
  <testcase classname="com.triotree.test.website.FrontOffice.DepositBillingTest" name="frontOfficeDepositBySearchPatientTestSchedule1" time="93.456"/>
</testsuite> <!-- com.triotree.test.website.FrontOffice.DepositBillingTest -->
