<?xml version="1.0" encoding="UTF-8"?>
<!-- Generated by org.testng.reporters.JUnitReportReporter -->
<testsuite hostname="NODE1280" name="com.triotree.test.website.PatientRegistration.MarkPatientDeceasedTest" tests="1" failures="0" timestamp="8 Jan 2019 09:27:43 GMT" time="334.622" errors="0">
  <testcase name="markPatientDeceasedSearchPatientTest" time="334.622" classname="com.triotree.test.website.PatientRegistration.MarkPatientDeceasedTest"/>
</testsuite> <!-- com.triotree.test.website.PatientRegistration.MarkPatientDeceasedTest -->
