<?xml version="1.0" encoding="UTF-8"?>
<!-- Generated by org.testng.reporters.JUnitReportReporter -->
<testsuite hostname="DESKTOP-U1OL4JI" failures="0" tests="1" name="com.triotree.test.website.ADT.ActualDemographicswithcreditPatientAndSchemeTest" time="497.168" errors="0" timestamp="22 Dec 2020 09:49:46 GMT">
  <testcase classname="com.triotree.test.website.ADT.ActualDemographicswithcreditPatientAndSchemeTest" name="actualDemographicswithcreditPatientAndScheme" time="497.168"/>
</testsuite> <!-- com.triotree.test.website.ADT.ActualDemographicswithcreditPatientAndSchemeTest -->
