<?xml version="1.0" encoding="UTF-8"?>
<!-- Generated by org.testng.reporters.JUnitReportReporter -->
<testsuite hostname="Nishantsharma" failures="0" tests="1" name="com.triotree.test.website.FrontOffice.MarkPatientDeceasedTest" time="379.346" errors="0" timestamp="22 May 2020 08:35:43 GMT">
  <testcase classname="com.triotree.test.website.FrontOffice.MarkPatientDeceasedTest" name="frontOfficeCancellationOfAllAppointmentOnMarkPatientDeceased" time="379.346"/>
</testsuite> <!-- com.triotree.test.website.FrontOffice.MarkPatientDeceasedTest -->
