<?xml version="1.0" encoding="UTF-8"?>
<!-- Generated by org.testng.reporters.JUnitReportReporter -->
<testsuite hostname="DESKTOP-U1OL4JI" failures="0" tests="1" name="com.triotree.test.website.ADT.UpdateAdmisssionDateTest" time="45.222" errors="0" timestamp="4 Aug 2020 11:01:56 GMT">
  <testcase classname="com.triotree.test.website.ADT.UpdateAdmisssionDateTest" name="updateadmissiondatetestcase" time="45.222"/>
</testsuite> <!-- com.triotree.test.website.ADT.UpdateAdmisssionDateTest -->
