<?xml version="1.0" encoding="UTF-8"?>
<!-- Generated by org.testng.reporters.JUnitReportReporter -->
<testsuite hostname="DESKTOP-G8VF51I" failures="0" tests="1" name="com.triotree.test.website.ADT.IPDepositRefundCreditCardTest" time="141.480" errors="0" timestamp="26 Nov 2020 09:25:41 GMT">
  <testcase classname="com.triotree.test.website.ADT.IPDepositRefundCreditCardTest" name="IPDepositRefundCreditCardTestTest" time="141.480"/>
</testsuite> <!-- com.triotree.test.website.ADT.IPDepositRefundCreditCardTest -->
